<?xml version="1.0" encoding="UTF-8" ?>
<testsuite errors="0" failures="0" hostname="fernando-EZbook" name="videoclub.ClientVideoClubServiceTest" skipped="0" tests="2" time="0.239" timestamp="2021-03-31T06:55:36">
  <properties>
    <property name="libs.jsp-compiler.javadoc" value="" />
    <property name="netbeans.autoupdate.country" value="SV" />
    <property name="libs.Junit3x.javadoc" value="" />
    <property name="nb.wait.for.caches" value="true" />
    <property name="javac.test.classpath" value=":build/classes:::/home/fernando/Descargas/easymock-2.4.jar:/usr/local/netbeans-11.1/netbeans/platform/modules/ext/junit-4.12.jar:/usr/local/netbeans-11.1/netbeans/platform/modules/ext/hamcrest-core-1.3.jar" />
    <property name="libs.jsf20.maven-pom" value="" />
    <property name="libs.dbunit.javadoc" value="" />
    <property name="javac.test.sourcepath" value="/home/fernando/TPI/Practica2-Unidad2/Practica-2-unidad-2/VideoClub/build/empty" />
    <property name="libs.spring-webmvc4.0.src" value="" />
    <property name="ant.core.lib" value="/usr/local/netbeans-11.1/netbeans/extide/ant/lib/ant.jar" />
    <property name="libs.EasyMock.maven-pom" value="" />
    <property name="libs.Junit3x.maven-pom" value="" />
    <property name="javadoc.windowtitle" value="" />
    <property name="libs.jsp-compilation.javadoc" value="" />
    <property name="user.dir" value="/home/fernando/TPI/Practica2-Unidad2/Practica-2-unidad-2/VideoClub" />
    <property name="libs.javaee-api-7.0.src" value="" />
    <property name="java.vm.version" value="25.222-b10" />
    <property name="libs.eclipselinkmodelgen.src" value="" />
    <property name="jlink.additionalmodules" value="" />
    <property name="javadoc.notree" value="false" />
    <property name="netbeans.autoupdate.version" value="1.23" />
    <property name="libs.EclipseLink-GlassFish-v3.classpath" value="/home/fernando/payara-5.192/payara5/glassfish/modules/org.eclipse.persistence.jpa.modelgen.processor.jar:/home/fernando/payara-5.192/payara5/glassfish/modules/org.eclipse.persistence.oracle.jar:/home/fernando/payara-5.192/payara5/glassfish/modules/org.eclipse.persistence.jpa.jpql.jar:/home/fernando/payara-5.192/payara5/glassfish/modules/org.eclipse.persistence.dbws.jar:/home/fernando/payara-5.192/payara5/glassfish/modules/org.eclipse.persistence.core.jar:/home/fernando/payara-5.192/payara5/glassfish/modules/org.eclipse.persistence.jpa.jar:/home/fernando/payara-5.192/payara5/glassfish/modules/org.eclipse.persistence.asm.jar:/home/fernando/payara-5.192/payara5/glassfish/modules/org.eclipse.persistence.moxy.jar:/home/fernando/payara-5.192/payara5/glassfish/modules/org.eclipse.persistence.antlr.jar:/home/fernando/payara-5.192/payara5/glassfish/modules/javax.persistence.jar" />
    <property name="netbeans.running.environment" value="gnome" />
    <property name="libs.javaee-web-api-6.0.classpath" value="/usr/local/netbeans-11.1/netbeans/enterprise/modules/ext/javaee-web-api-6.0.jar" />
    <property name="javac.profile.cmd.line.arg" value="" />
    <property name="jdk.home" value="/usr/lib/jvm/java-8-openjdk-amd64" />
    <property name="libs.javac-api.src" value="" />
    <property name="javadoc.noindex" value="false" />
    <property name="sun.os.patch.level" value="unknown" />
    <property name="do.archive+manifest.available" value="true" />
    <property name="libs.EasyMock.src" value="/home/fernando/Descargas/easymock-2.4.jar" />
    <property name="java.vm.specification.name" value="Java Virtual Machine Specification" />
    <property name="nb.show.statistics.ui" value="usageStatisticsEnabled" />
    <property name="netbeans.autoupdate.variant" value="" />
    <property name="have.tests" value="true" />
    <property name="org.xml.sax.driver" value="com.sun.org.apache.xerces.internal.jaxp.SAXParserImpl$JAXPSAXParser" />
    <property name="libs.hamcrest.classpath" value="/usr/local/netbeans-11.1/netbeans/platform/modules/ext/hamcrest-core-1.3.jar" />
    <property name="libs.javac-api.javadoc" value="" />
    <property name="os.name" value="Linux" />
    <property name="jdk.gtk.version" value="2.2" />
    <property name="libs.javaee-endorsed-api-7.0.maven-pom" value="" />
    <property name="ap.proc.none.internal" value="" />
    <property name="libs.restapi.javadoc" value="" />
    <property name="libs.JWSAntTasks.maven-pom" value="" />
    <property name="libs.jstl.classpath" value="/usr/local/netbeans-11.1/netbeans/enterprise/modules/ext/jstl-impl.jar:/usr/local/netbeans-11.1/netbeans/enterprise/modules/ext/jstl-api.jar" />
    <property name="libs.testng.src" value="" />
    <property name="libs.spring-webmvc3.0.src" value="" />
    <property name="libs.restapi.classpath" value="/usr/local/netbeans-11.1/netbeans/enterprise/modules/ext/jaxrs-2.0/javax.ws.rs-api-2.0.jar" />
    <property name="libs.Java-EE-Payara-v4.src" value="" />
    <property name="java.vendor.url.bug" value="http://bugreport.sun.com/bugreport/" />
    <property name="ant.file.VideoClub-impl" value="/home/fernando/TPI/Practica2-Unidad2/Practica-2-unidad-2/VideoClub/nbproject/build-impl.xml" />
    <property name="libs.jaxb.maven-pom" value="" />
    <property name="os.arch" value="amd64" />
    <property name="libs.eclipselink.src" value="" />
    <property name="user.name" value="fernando" />
    <property name="libs.jsf12.javadoc" value="/usr/local/netbeans-11.1/netbeans/enterprise/docs/javaee-doc-api.jar" />
    <property name="libs.Comet-GlassFish-v3.javadoc" value="" />
    <property name="copylibs.rebase" value="true" />
    <property name="libs.spring-webmvc3.0.maven-pom" value="" />
    <property name="sun.java.command" value="org.apache.tools.ant.taskdefs.optional.junit.JUnitTestRunner videoclub.ClientVideoClubServiceTest skipNonTests=false filtertrace=true haltOnError=false haltOnFailure=false showoutput=true outputtoformatters=true logfailedtests=true threadid=0 logtestlistenerevents=true formatter=org.apache.tools.ant.taskdefs.optional.junit.BriefJUnitResultFormatter formatter=org.apache.tools.ant.taskdefs.optional.junit.XMLJUnitResultFormatter,/home/fernando/TPI/Practica2-Unidad2/Practica-2-unidad-2/VideoClub/build/test/results/TEST-videoclub.ClientVideoClubServiceTest.xml crashfile=/home/fernando/TPI/Practica2-Unidad2/Practica-2-unidad-2/VideoClub/build/junitvmwatcher73304793934446141.properties propsfile=/home/fernando/TPI/Practica2-Unidad2/Practica-2-unidad-2/VideoClub/build/junit4642812212056417658.properties" />
    <property name="build.classes.dir" value="build/classes" />
    <property name="libs.dbunit.src" value="" />
    <property name="build.sysclasspath" value="ignore" />
    <property name="manifest.encoding" value="UTF-8" />
    <property name="ap.supported.internal" value="true" />
    <property name="java.failonerror" value="true" />
    <property name="libs.javaee-api-8.0.maven-pom" value="" />
    <property name="run.modulepath" value="" />
    <property name="libs.javaee-endorsed-api-7.0.javadoc" value="/usr/local/netbeans-11.1/netbeans/enterprise/docs/javaee-doc-api.jar" />
    <property name="libs.jaxws21.javadoc" value="/usr/local/netbeans-11.1/netbeans/java/docs/jaxws-api-doc.zip" />
    <property name="libs.spring-webmvc4.0.javadoc" value="" />
    <property name="includes" value="**" />
    <property name="user.country" value="SV" />
    <property name="manifest.file" value="manifest.mf" />
    <property name="javadoc.encoding" value="UTF-8" />
    <property name="javac.classpath" value="" />
    <property name="libs.jsp-compilation-syscp.src" value="" />
    <property name="libs.JAVADB_DRIVER_LABEL.src" value="" />
    <property name="libs.spring-framework400.classpath" value="/usr/local/netbeans-11.1/netbeans/ide/modules/org-apache-commons-logging.jar:/usr/local/netbeans-11.1/netbeans/java/modules/ext/cglib-2.2.jar:/usr/local/netbeans-11.1/netbeans/java/modules/ext/spring-4/spring-aop-4.0.1.RELEASE.jar:/usr/local/netbeans-11.1/netbeans/java/modules/ext/spring-4/spring-aspects-4.0.1.RELEASE.jar:/usr/local/netbeans-11.1/netbeans/java/modules/ext/spring-4/spring-beans-4.0.1.RELEASE.jar:/usr/local/netbeans-11.1/netbeans/java/modules/ext/spring-4/spring-build-src-4.0.1.RELEASE.jar:/usr/local/netbeans-11.1/netbeans/java/modules/ext/spring-4/spring-context-4.0.1.RELEASE.jar:/usr/local/netbeans-11.1/netbeans/java/modules/ext/spring-4/spring-context-support-4.0.1.RELEASE.jar:/usr/local/netbeans-11.1/netbeans/java/modules/ext/spring-4/spring-core-4.0.1.RELEASE.jar:/usr/local/netbeans-11.1/netbeans/java/modules/ext/spring-4/spring-expression-4.0.1.RELEASE.jar:/usr/local/netbeans-11.1/netbeans/java/modules/ext/spring-4/spring-framework-bom-4.0.1.RELEASE.jar:/usr/local/netbeans-11.1/netbeans/java/modules/ext/spring-4/spring-instrument-4.0.1.RELEASE.jar:/usr/local/netbeans-11.1/netbeans/java/modules/ext/spring-4/spring-instrument-tomcat-4.0.1.RELEASE.jar:/usr/local/netbeans-11.1/netbeans/java/modules/ext/spring-4/spring-jdbc-4.0.1.RELEASE.jar:/usr/local/netbeans-11.1/netbeans/java/modules/ext/spring-4/spring-jms-4.0.1.RELEASE.jar:/usr/local/netbeans-11.1/netbeans/java/modules/ext/spring-4/spring-messaging-4.0.1.RELEASE.jar:/usr/local/netbeans-11.1/netbeans/java/modules/ext/spring-4/spring-orm-4.0.1.RELEASE.jar:/usr/local/netbeans-11.1/netbeans/java/modules/ext/spring-4/spring-oxm-4.0.1.RELEASE.jar:/usr/local/netbeans-11.1/netbeans/java/modules/ext/spring-4/spring-test-4.0.1.RELEASE.jar:/usr/local/netbeans-11.1/netbeans/java/modules/ext/spring-4/spring-tx-4.0.1.RELEASE.jar:/usr/local/netbeans-11.1/netbeans/java/modules/ext/spring-4/spring-web-4.0.1.RELEASE.jar:/usr/local/netbeans-11.1/netbeans/java/modules/ext/spring-4/spring-webmvc-4.0.1.RELEASE.jar:/usr/local/netbeans-11.1/netbeans/java/modules/ext/spring-4/spring-webmvc-portlet-4.0.1.RELEASE.jar:/usr/local/netbeans-11.1/netbeans/java/modules/ext/spring-4/spring-websocket-4.0.1.RELEASE.jar" />
    <property name="debug-transport" value="dt_socket" />
    <property name="netbeans.home" value="/usr/local/netbeans-11.1/netbeans/platform" />
    <property name="libs.EasyMock.javadoc" value="" />
    <property name="build.compiler.emacs" value="true" />
    <property name="libs.javaee-web-api-6.0.src" value="" />
    <property name="libs.jsp-compilation-syscp.classpath" value="/usr/local/netbeans-11.1/netbeans/extide/ant/lib/ant.jar:/usr/local/netbeans-11.1/netbeans/enterprise/modules/ext/servlet3.1-jsp2.3-api.jar:/usr/local/netbeans-11.1/netbeans/enterprise/modules/ext/glassfish-jspparser-4.0.jar:/usr/local/netbeans-11.1/netbeans/enterprise/modules/ext/jstl-impl.jar:/usr/local/netbeans-11.1/netbeans/enterprise/modules/ext/jsf-2_2/javax.faces.jar" />
    <property name="javac.modulepath" value="" />
    <property name="java.endorsed.dirs" value="/usr/lib/jvm/java-8-openjdk-amd64/jre/lib/endorsed" />
    <property name="libs.Comet-GlassFish-v3.maven-pom" value="" />
    <property name="libs.groovy-all.src" value="" />
    <property name="libs.junit_5.src" value="/usr/local/netbeans-11.1/netbeans/platform/docs/junit-jupiter-api-5.3.1-sources.jar:/usr/local/netbeans-11.1/netbeans/platform/docs/junit-jupiter-params-5.3.1-sources.jar:/usr/local/netbeans-11.1/netbeans/platform/docs/junit-jupiter-engine-5.3.1-sources.jar" />
    <property name="netbeans.dynamic.classpath" value="/usr/local/netbeans-11.1/netbeans/platform/core/org-netbeans-libs-asm.jar:/usr/local/netbeans-11.1/netbeans/platform/core/asm-all-5.0.1.jar:/usr/local/netbeans-11.1/netbeans/platform/core/org-openide-filesystems.jar:/usr/local/netbeans-11.1/netbeans/platform/core/core-base.jar:/usr/local/netbeans-11.1/netbeans/platform/core/org-openide-filesystems-compat8.jar:/usr/local/netbeans-11.1/netbeans/platform/core/core.jar:/usr/local/netbeans-11.1/netbeans/nb/core/org-netbeans-upgrader.jar:/usr/local/netbeans-11.1/netbeans/nb/core/locale/core_nb.jar" />
    <property name="libs.maven-dependencies.classpath" value="/usr/local/netbeans-11.1/netbeans/enterprise/modules/ext/javaee6-endorsed/javax.annotation.jar:/usr/local/netbeans-11.1/netbeans/enterprise/modules/ext/javaee6-endorsed/jaxb-api-osgi.jar:/usr/local/netbeans-11.1/netbeans/enterprise/modules/ext/javaee6-endorsed/webservices-api-osgi.jar" />
    <property name="java.vm.specification.version" value="1.8" />
    <property name="plugin.manager.check.updates" value="false" />
    <property name="libs.primefaces.classpath" value="/usr/local/netbeans-11.1/netbeans/enterprise/modules/ext/primefaces/primefaces-5.0.jar" />
    <property name="libs.javaee-api-6.0.classpath" value="/usr/local/netbeans-11.1/netbeans/enterprise/modules/ext/javaee-api-6.0.jar" />
    <property name="libs.groovy-all.maven-pom" value="" />
    <property name="libs.MYSQL_JDBC.maven-pom" value="" />
    <property name="netbeans.productversion" value="Apache NetBeans IDE 11.1" />
    <property name="libs.jaxws21.src" value="" />
    <property name="do.archive" value="true" />
    <property name="netbeans.autoupdate.language" value="es" />
    <property name="java.vendor" value="Private Build" />
    <property name="libs.javaee-api-6.0.javadoc" value="/usr/local/netbeans-11.1/netbeans/enterprise/docs/javaee-doc-api.jar" />
    <property name="sun.font.fontmanager" value="sun.awt.X11FontManager" />
    <property name="jar.index.metainf" value="false" />
    <property name="libs.Payara Server JAX-RS.javadoc" value="" />
    <property name="javac.debug" value="true" />
    <property name="javadoc.splitindex" value="true" />
    <property name="file.separator" value="/" />
    <property name="libs.junit_4.maven-pom" value="" />
    <property name="mkdist.disabled" value="false" />
    <property name="javac.test.processorpath" value=":build/classes:::/home/fernando/Descargas/easymock-2.4.jar:/usr/local/netbeans-11.1/netbeans/platform/modules/ext/junit-4.12.jar:/usr/local/netbeans-11.1/netbeans/platform/modules/ext/hamcrest-core-1.3.jar" />
    <property name="netbeans.buildnumber" value="netbeans-release-428-on-20190716" />
    <property name="libs.JWSAntTasks.javadoc" value="" />
    <property name="javax.accessibility.assistive_technologies" value="org.GNOME.Accessibility.AtkWrapper" />
    <property name="build.generated.sources.dir" value="build/generated-sources" />
    <property name="libs.eclipselinkmodelgen.classpath" value="/usr/local/netbeans-11.1/netbeans/java/modules/ext/eclipselink/org.eclipse.persistence.jpa.modelgen.processor-2.5.2.jar" />
    <property name="libs.javaee-endorsed-api-7.0.src" value="" />
    <property name="platforms.JDK_11.home" value="/usr/lib/jvm/java-11-openjdk-amd64" />
    <property name="sun.java.launcher" value="SUN_STANDARD" />
    <property name="libs.jaxb.javadoc" value="/usr/local/netbeans-11.1/netbeans/ide/docs/jaxb-api-2.2.5-javadoc.jar" />
    <property name="libs.struts.classpath" value="/usr/local/netbeans-11.1/netbeans/enterprise/modules/ext/struts/antlr-2.7.2.jar:/usr/local/netbeans-11.1/netbeans/enterprise/modules/ext/struts/bsf-2.3.0.jar:/usr/local/netbeans-11.1/netbeans/enterprise/modules/ext/struts/commons-beanutils-1.8.0.jar:/usr/local/netbeans-11.1/netbeans/enterprise/modules/ext/struts/commons-chain-1.2.jar:/usr/local/netbeans-11.1/netbeans/enterprise/modules/ext/struts/commons-digester-1.8.jar:/usr/local/netbeans-11.1/netbeans/enterprise/modules/ext/struts/commons-fileupload-1.1.1.jar:/usr/local/netbeans-11.1/netbeans/enterprise/modules/ext/struts/commons-io-1.1.jar:/usr/local/netbeans-11.1/netbeans/enterprise/modules/ext/struts/commons-logging-1.0.4.jar:/usr/local/netbeans-11.1/netbeans/enterprise/modules/ext/struts/commons-validator-1.3.1.jar:/usr/local/netbeans-11.1/netbeans/enterprise/modules/ext/struts/jstl-1.0.2.jar:/usr/local/netbeans-11.1/netbeans/enterprise/modules/ext/struts/oro-2.0.8.jar:/usr/local/netbeans-11.1/netbeans/enterprise/modules/ext/struts/standard-1.0.6.jar:/usr/local/netbeans-11.1/netbeans/enterprise/modules/ext/struts/struts-core-1.3.10.jar:/usr/local/netbeans-11.1/netbeans/enterprise/modules/ext/struts/struts-el-1.3.10.jar:/usr/local/netbeans-11.1/netbeans/enterprise/modules/ext/struts/struts-extras-1.3.10.jar:/usr/local/netbeans-11.1/netbeans/enterprise/modules/ext/struts/struts-faces-1.3.10.jar:/usr/local/netbeans-11.1/netbeans/enterprise/modules/ext/struts/struts-mailreader-dao-1.3.10.jar:/usr/local/netbeans-11.1/netbeans/enterprise/modules/ext/struts/struts-scripting-1.3.10.jar:/usr/local/netbeans-11.1/netbeans/enterprise/modules/ext/struts/struts-taglib-1.3.10.jar:/usr/local/netbeans-11.1/netbeans/enterprise/modules/ext/struts/struts-tiles-1.3.10.jar" />
    <property name="ant.home" value="/usr/local/netbeans-11.1/netbeans/extide/ant" />
    <property name="libs.junit_4.src" value="/usr/local/netbeans-11.1/netbeans/platform/docs/junit-4.12-sources.jar" />
    <property name="libs.testng.classpath" value="/usr/local/netbeans-11.1/netbeans/platform/modules/ext/testng-6.8.1-dist.jar" />
    <property name="libs.absolutelayout.maven-pom" value="" />
    <property name="ant.java.version" value="1.8" />
    <property name="java.library.path" value="/usr/java/packages/lib/amd64:/usr/lib/x86_64-linux-gnu/jni:/lib/x86_64-linux-gnu:/usr/lib/x86_64-linux-gnu:/usr/lib/jni:/lib:/usr/lib" />
    <property name="javadoc.author" value="false" />
    <property name="libs.metro.maven-pom" value="" />
    <property name="libs.EclipseLink-GlassFish-v3.src" value="" />
    <property name="libs.dbunit.classpath" value="/home/fernando/Descargas/dbunit-2.3.0.jar" />
    <property name="java.util.logging.config.class" value="org.netbeans.core.startup.TopLogging" />
    <property name="libs.spring-framework400.src" value="" />
    <property name="libs.PostgreSQLDriver.src" value="" />
    <property name="sun.arch.data.model" value="64" />
    <property name="basedir" value="/home/fernando/TPI/Practica2-Unidad2/Practica-2-unidad-2/VideoClub" />
    <property name="libs.jpa20-persistence.maven-pom" value="" />
    <property name="jar.compress" value="false" />
    <property name="libs.javaee-web-api-7.0.classpath" value="/usr/local/netbeans-11.1/netbeans/enterprise/modules/ext/javaee-web-api-7.0.jar" />
    <property name="path.separator" value=":" />
    <property name="libs.javaee-web-api-6.0.javadoc" value="/usr/local/netbeans-11.1/netbeans/enterprise/docs/javaee-doc-api.jar" />
    <property name="ant.junit.enabletestlistenerevents" value="true" />
    <property name="sun.io.unicode.encoding" value="UnicodeLittle" />
    <property name="libs.jaxws21.classpath" value="/usr/local/netbeans-11.1/netbeans/java/modules/ext/jaxws22/FastInfoset.jar:/usr/local/netbeans-11.1/netbeans/java/modules/ext/jaxws22/gmbal-api-only.jar:/usr/local/netbeans-11.1/netbeans/java/modules/ext/jaxws22/ha-api.jar:/usr/local/netbeans-11.1/netbeans/java/modules/ext/jaxws22/javax.mail_1.4.jar:/usr/local/netbeans-11.1/netbeans/java/modules/ext/jaxws22/jaxws-rt.jar:/usr/local/netbeans-11.1/netbeans/java/modules/ext/jaxws22/jaxws-tools.jar:/usr/local/netbeans-11.1/netbeans/java/modules/ext/jaxws22/management-api.jar:/usr/local/netbeans-11.1/netbeans/java/modules/ext/jaxws22/mimepull.jar:/usr/local/netbeans-11.1/netbeans/java/modules/ext/jaxws22/policy.jar:/usr/local/netbeans-11.1/netbeans/java/modules/ext/jaxws22/saaj-impl.jar:/usr/local/netbeans-11.1/netbeans/java/modules/ext/jaxws22/stax-ex.jar:/usr/local/netbeans-11.1/netbeans/java/modules/ext/jaxws22/stax2-api.jar:/usr/local/netbeans-11.1/netbeans/java/modules/ext/jaxws22/streambuffer.jar:/usr/local/netbeans-11.1/netbeans/java/modules/ext/jaxws22/woodstox-core-asl.jar:/usr/local/netbeans-11.1/netbeans/java/modules/ext/jaxws22/api/jaxws-api.jar:/usr/local/netbeans-11.1/netbeans/java/modules/ext/jaxws22/api/jsr181-api.jar:/usr/local/netbeans-11.1/netbeans/java/modules/ext/jaxws22/api/javax.annotation.jar:/usr/local/netbeans-11.1/netbeans/java/modules/ext/jaxws22/api/saaj-api.jar:/usr/local/netbeans-11.1/netbeans/ide/modules/ext/jaxb/activation.jar:/usr/local/netbeans-11.1/netbeans/ide/modules/ext/jaxb/api/jaxb-api.jar" />
    <property name="dist.jlink.output" value="dist/jlink/VideoClub" />
    <property name="libs.struts.src" value="" />
    <property name="compile.on.save" value="true" />
    <property name="apple.awt.graphics.UseQuartz" value="true" />
    <property name="user.language" value="es" />
    <property name="testng.mode" value="testng" />
    <property name="libs.JAXB-ENDORSED.maven-pom" value="" />
    <property name="libs.eclipselink.maven-pom" value="" />
    <property name="org.netbeans.io.suspend" value="0" />
    <property name="test.binaryincludes" value="&lt;nothing&gt;" />
    <property name="manifest.available" value="true" />
    <property name="libs.primefaces.javadoc" value="" />
    <property name="libs.spring-framework300.maven-pom" value="" />
    <property name="run.test.classpath" value=":build/classes:::/home/fernando/Descargas/easymock-2.4.jar:/usr/local/netbeans-11.1/netbeans/platform/modules/ext/junit-4.12.jar:/usr/local/netbeans-11.1/netbeans/platform/modules/ext/hamcrest-core-1.3.jar:build/test/classes" />
    <property name="ant.project.invoked-targets" value="test" />
    <property name="test.binaryexcludes" value="" />
    <property name="sun.java2d.dpiaware" value="true" />
    <property name="https.nonProxyHosts" value="localhost|127.0.0.1|fernando-EZbook" />
    <property name="libs.PostgreSQLDriver.maven-pom" value="" />
    <property name="java.class.version" value="52.0" />
    <property name="libs.JAVADB_DRIVER_LABEL.classpath" value="/home/fernando/payara-5.192/payara5/javadb/lib/derby.jar:/home/fernando/payara-5.192/payara5/javadb/lib/derbyclient.jar:/home/fernando/payara-5.192/payara5/javadb/lib/derbynet.jar" />
    <property name="libs.eclipselink.javadoc" value="" />
    <property name="platforms.JDK_1.8.compiler" value="modern" />
    <property name="libs.jsp-compilation.maven-pom" value="" />
    <property name="user.properties.file" value="/home/fernando/.netbeans/11.1/build.properties" />
    <property name="runtime.encoding" value="UTF-8" />
    <property name="libs.javac-api.maven-pom" value="" />
    <property name="file.encoding.pkg" value="sun.io" />
    <property name="sun.cpu.endian" value="little" />
    <property name="libs.JAXB-ENDORSED.javadoc" value="" />
    <property name="libs.JWSAntTasks.classpath" value="/usr/local/netbeans-11.1/netbeans/java/ant/extra/org-netbeans-modules-javawebstart-anttasks.jar" />
    <property name="libs.Payara Server JAX-RS.classpath" value="/home/fernando/payara-5.192/payara5/glassfish/modules/javax.ws.rs-api.jar" />
    <property name="libs.spring-webmvc4.0.maven-pom" value="" />
    <property name="libs.spring-framework300.src" value="" />
    <property name="libs.jstl.src" value="" />
    <property name="empty.dir" value="/home/fernando/TPI/Practica2-Unidad2/Practica-2-unidad-2/VideoClub/build/empty" />
    <property name="test.binarytestincludes" value="" />
    <property name="javadoc.preview" value="true" />
    <property name="libs.jpa20-persistence.javadoc" value="" />
    <property name="nbplatform.default.harness.dir" value="/usr/local/netbeans-11.1/netbeans/harness" />
    <property name="java.home" value="/usr/lib/jvm/java-8-openjdk-amd64/jre" />
    <property name="libs.jsp-compilation.src" value="" />
    <property name="libs.MYSQL_JDBC.src" value="" />
    <property name="debug.test.classpath" value=":build/classes:::/home/fernando/Descargas/easymock-2.4.jar:/usr/local/netbeans-11.1/netbeans/platform/modules/ext/junit-4.12.jar:/usr/local/netbeans-11.1/netbeans/platform/modules/ext/hamcrest-core-1.3.jar:build/test/classes" />
    <property name="libs.javaee-api-6.0.src" value="" />
    <property name="ant.file.VideoClub" value="/home/fernando/TPI/Practica2-Unidad2/Practica-2-unidad-2/VideoClub/build.xml" />
    <property name="netbeans.importclass" value="org.netbeans.upgrade.AutoUpgrade" />
    <property name="ant.project.default-target" value="default" />
    <property name="annotation.processing.run.all.processors" value="true" />
    <property name="libs.Payara Server JAX-RS.src" value="" />
    <property name="libs.Junit3x.src" value="/home/fernando/Descargas/junit-3.8.1.jar" />
    <property name="libs.PostgreSQLDriver.javadoc" value="" />
    <property name="libs.restlib.classpath" value="/usr/local/netbeans-11.1/netbeans/enterprise/modules/ext/jersey2/ext/asm-all-repackaged-2.2.0-b21.jar:/usr/local/netbeans-11.1/netbeans/enterprise/modules/ext/jersey2/ext/cglib-2.2.0-b21.jar:/usr/local/netbeans-11.1/netbeans/enterprise/modules/ext/jersey2/ext/guava-14.0.1.jar:/usr/local/netbeans-11.1/netbeans/enterprise/modules/ext/jersey2/ext/hk2-api-2.2.0-b21.jar:/usr/local/netbeans-11.1/netbeans/enterprise/modules/ext/jersey2/ext/hk2-locator-2.2.0-b21.jar:/usr/local/netbeans-11.1/netbeans/enterprise/modules/ext/jersey2/ext/hk2-utils-2.2.0-b21.jar:/usr/local/netbeans-11.1/netbeans/enterprise/modules/ext/jersey2/ext/javax.annotation-api-1.2.jar:/usr/local/netbeans-11.1/netbeans/enterprise/modules/ext/jersey2/ext/javax.inject-2.2.0-b21.jar:/usr/local/netbeans-11.1/netbeans/enterprise/modules/ext/jersey2/ext/javax.servlet-api-3.0.1.jar:/usr/local/netbeans-11.1/netbeans/enterprise/modules/ext/jersey2/ext/jaxb-api-2.2.7.jar:/usr/local/netbeans-11.1/netbeans/enterprise/modules/ext/jersey2/ext/jersey-entity-filtering-2.5.1.jar:/usr/local/netbeans-11.1/netbeans/enterprise/modules/ext/jersey2/ext/jersey-media-moxy-2.5.1.jar:/usr/local/netbeans-11.1/netbeans/enterprise/modules/ext/jersey2/ext/org.osgi.core-4.2.0.jar:/usr/local/netbeans-11.1/netbeans/enterprise/modules/ext/jersey2/ext/osgi-resource-locator-1.0.1.jar:/usr/local/netbeans-11.1/netbeans/enterprise/modules/ext/jersey2/ext/persistence-api-1.0.jar:/usr/local/netbeans-11.1/netbeans/enterprise/modules/ext/jersey2/ext/validation-api-1.1.0.Final.jar:/usr/local/netbeans-11.1/netbeans/enterprise/modules/ext/jersey2/jersey-client.jar:/usr/local/netbeans-11.1/netbeans/enterprise/modules/ext/jersey2/jersey-common.jar:/usr/local/netbeans-11.1/netbeans/enterprise/modules/ext/jersey2/jersey-container-servlet.jar:/usr/local/netbeans-11.1/netbeans/enterprise/modules/ext/jersey2/jersey-container-servlet-core.jar:/usr/local/netbeans-11.1/netbeans/enterprise/modules/ext/jersey2/jersey-server.jar" />
    <property name="netbeans.extbrowser.manual_chrome_plugin_install" value="yes" />
    <property name="http.nonProxyHosts" value="localhost|127.0.0.1|fernando-EZbook" />
    <property name="libs.junit_4.javadoc" value="/usr/local/netbeans-11.1/netbeans/platform/docs/junit-4.12-javadoc.jar" />
    <property name="platforms.JDK_1.8.bootclasspath" value="/usr/lib/jvm/java-8-openjdk-amd64/jre/lib/resources.jar:/usr/lib/jvm/java-8-openjdk-amd64/jre/lib/rt.jar:/usr/lib/jvm/java-8-openjdk-amd64/jre/lib/sunrsasign.jar:/usr/lib/jvm/java-8-openjdk-amd64/jre/lib/jsse.jar:/usr/lib/jvm/java-8-openjdk-amd64/jre/lib/jce.jar:/usr/lib/jvm/java-8-openjdk-amd64/jre/lib/charsets.jar:/usr/lib/jvm/java-8-openjdk-amd64/jre/lib/jfr.jar:/usr/lib/jvm/java-8-openjdk-amd64/jre/classes:/usr/lib/jvm/java-8-openjdk-amd64/jre/lib/ext/nashorn.jar:/usr/lib/jvm/java-8-openjdk-amd64/jre/lib/ext/sunpkcs11.jar:/usr/lib/jvm/java-8-openjdk-amd64/jre/lib/ext/zipfs.jar:/usr/lib/jvm/java-8-openjdk-amd64/jre/lib/ext/dnsns.jar:/usr/lib/jvm/java-8-openjdk-amd64/jre/lib/ext/jaccess.jar:/usr/lib/jvm/java-8-openjdk-amd64/jre/lib/ext/sunjce_provider.jar:/usr/lib/jvm/java-8-openjdk-amd64/jre/lib/ext/sunec.jar:/usr/lib/jvm/java-8-openjdk-amd64/jre/lib/ext/localedata.jar:/usr/lib/jvm/java-8-openjdk-amd64/jre/lib/ext/icedtea-sound.jar:/usr/lib/jvm/java-8-openjdk-amd64/jre/lib/ext/cldrdata.jar:/usr/lib/jvm/java-8-openjdk-amd64/jre/lib/ext/java-atk-wrapper.jar" />
    <property name="libs.EclipseLink-GlassFish-v3.maven-pom" value="" />
    <property name="javac.test.modulepath" value="" />
    <property name="libs.javaee-web-api-6.0.maven-pom" value="" />
    <property name="run.classpath" value=":build/classes" />
    <property name="jna.boot.library.name" value="jnidispatch-440" />
    <property name="libs.javaee-api-7.0.classpath" value="/usr/local/netbeans-11.1/netbeans/enterprise/modules/ext/javaee-api-7.0.jar" />
    <property name="sun.awt.datatransfer.timeout" value="1000" />
    <property name="libs.spring-webmvc3.0.javadoc" value="" />
    <property name="annotation.processing.enabled.in.editor" value="false" />
    <property name="nb.native.filechooser" value="false" />
    <property name="libs.restapi.src" value="" />
    <property name="sun.management.compiler" value="HotSpot 64-Bit Tiered Compilers" />
    <property name="libs.MYSQL_JDBC.classpath" value="/home/fernando/Descargas/mysql-connector-java-5.1.48/mysql-connector-java-5.1.48.jar" />
    <property name="javac.deprecation" value="false" />
    <property name="javadoc.use" value="true" />
    <property name="sun.java2d.noddraw" value="true" />
    <property name="libs.jsp-compiler.classpath" value="/usr/local/netbeans-11.1/netbeans/enterprise/ant/extra/jspcompile.jar" />
    <property name="javac.processorpath" value="" />
    <property name="libs.hamcrest.maven-pom" value="" />
    <property name="libs.junit_5.classpath" value="/usr/local/netbeans-11.1/netbeans/platform/modules/ext/junit-jupiter-api-5.3.1.jar:/usr/local/netbeans-11.1/netbeans/platform/modules/ext/junit-jupiter-params-5.3.1.jar:/usr/local/netbeans-11.1/netbeans/platform/modules/ext/junit-jupiter-engine-5.3.1.jar" />
    <property name="libs.Java-EE-Payara-v4.classpath" value="/home/fernando/payara-5.192/payara5/glassfish/modules/javax.websocket-api.jar:/home/fernando/payara-5.192/payara5/glassfish/modules/javax.xml.rpc-api.jar:/home/fernando/payara-5.192/payara5/glassfish/modules/javax.el.jar:/home/fernando/payara-5.192/payara5/glassfish/modules/javax.enterprise.concurrent.jar:/home/fernando/payara-5.192/payara5/glassfish/modules/cdi-api.jar:/home/fernando/payara-5.192/payara5/glassfish/modules/javax.ejb-api.jar:/home/fernando/payara-5.192/payara5/glassfish/modules/javax.annotation-api.jar:/home/fernando/payara-5.192/payara5/glassfish/modules/jaxb-osgi.jar:/home/fernando/payara-5.192/payara5/glassfish/modules/javax.enterprise.deploy-api.jar:/home/fernando/payara-5.192/payara5/glassfish/modules/javax.transaction-api.jar:/home/fernando/payara-5.192/payara5/glassfish/modules/javax.servlet.jsp.jstl-api.jar:/home/fernando/payara-5.192/payara5/glassfish/modules/javax.mail.jar:/home/fernando/payara-5.192/payara5/glassfish/modules/webservices-osgi.jar:/home/fernando/payara-5.192/payara5/glassfish/modules/javax.security.enterprise-api.jar:/home/fernando/payara-5.192/payara5/glassfish/modules/javax.servlet.jsp.jstl.jar:/home/fernando/payara-5.192/payara5/glassfish/modules/javax.ws.rs-api.jar:/home/fernando/payara-5.192/payara5/glassfish/modules/javax.servlet.jsp-api.jar:/home/fernando/payara-5.192/payara5/glassfish/modules/javax.batch-api.jar:/home/fernando/payara-5.192/payara5/glassfish/modules/javax.security.jacc-api.jar:/home/fernando/payara-5.192/payara5/glassfish/modules/javax.persistence.jar:/home/fernando/payara-5.192/payara5/glassfish/modules/javax.interceptor-api.jar:/home/fernando/payara-5.192/payara5/glassfish/modules/javax.security.enterprise.jar:/home/fernando/payara-5.192/payara5/glassfish/modules/javax.resource-api.jar:/home/fernando/payara-5.192/payara5/glassfish/modules/javax.json.jar:/home/fernando/payara-5.192/payara5/glassfish/modules/javax.servlet.jsp.jar:/home/fernando/payara-5.192/payara5/glassfish/modules/javax.enterprise.concurrent-api.jar:/home/fernando/payara-5.192/payara5/glassfish/modules/javax.servlet-api.jar:/home/fernando/payara-5.192/payara5/glassfish/modules/weld-osgi-bundle.jar:/home/fernando/payara-5.192/payara5/glassfish/modules/javax.management.j2ee-api.jar:/home/fernando/payara-5.192/payara5/glassfish/modules/javax.inject.jar:/home/fernando/payara-5.192/payara5/glassfish/modules/javax.xml.registry-api.jar:/home/fernando/payara-5.192/payara5/glassfish/modules/javax.jms-api.jar:/home/fernando/payara-5.192/payara5/glassfish/modules/javax.json.bind-api.jar:/home/fernando/payara-5.192/payara5/mq/lib/jaxm-api.jar" />
    <property name="javac.compilerargs" value="" />
    <property name="ant.file" value="/home/fernando/TPI/Practica2-Unidad2/Practica-2-unidad-2/VideoClub/build.xml" />
    <property name="libs.jsf12.classpath" value="/usr/local/netbeans-11.1/netbeans/enterprise/modules/ext/jsf-1_2/jsf-api.jar:/usr/local/netbeans-11.1/netbeans/enterprise/modules/ext/jsf-1_2/jsf-impl.jar" />
    <property name="libs.jstl.maven-pom" value="" />
    <property name="libs.restapi.maven-pom" value="" />
    <property name="java.vm.specification.vendor" value="Oracle Corporation" />
    <property name="org.openide.major.version" value="IDE/1" />
    <property name="java.vm.name" value="OpenJDK 64-Bit Server VM" />
    <property name="netbeans.user" value="/home/fernando/.netbeans/11.1" />
    <property name="javadoc.additionalparam" value="" />
    <property name="java.io.tmpdir" value="/tmp" />
    <property name="java.vendor.url" value="http://java.oracle.com/" />
    <property name="endorsed.classpath.cmd.line.arg" value="" />
    <property name="jna.loaded" value="true" />
    <property name="junit.available" value="true" />
    <property name="libs.javaee-web-api-8.0.classpath" value="/usr/local/netbeans-11.1/netbeans/enterprise/modules/ext/javaee-web-api-8.0.jar" />
    <property name="file.reference.easymock-2.4.jar" value="/home/fernando/Descargas/easymock-2.4.jar" />
    <property name="libs.jsp-compiler.src" value="" />
    <property name="org.openide.awt.ActionReference.completion" value="org.netbeans.modules.apisupport.project.layers.PathCompletions" />
    <property name="sun.boot.library.path" value="/usr/lib/jvm/java-8-openjdk-amd64/jre/lib/amd64" />
    <property name="have.sources" value="true" />
    <property name="libs.hamcrest.javadoc" value="" />
    <property name="debug.classpath" value=":build/classes" />
    <property name="javac.external.vm" value="true" />
    <property name="javadoc.private" value="false" />
    <property name="test.src.dir" value="test" />
    <property name="libs.jsf20.classpath" value="/usr/local/netbeans-11.1/netbeans/enterprise/modules/ext/jsf-2_2/javax.faces.jar" />
    <property name="ap.processors.internal" value="" />
    <property name="dist.jlink.dir" value="dist/jlink" />
    <property name="libs.javaee-api-8.0.javadoc" value="/usr/local/netbeans-11.1/netbeans/enterprise/docs/javaee-doc-api.jar" />
    <property name="meta.inf.dir" value="src/META-INF" />
    <property name="javadoc.encoding.used" value="UTF-8" />
    <property name="dist.jar" value="dist/VideoClub.jar" />
    <property name="libs.spring-framework400.maven-pom" value="" />
    <property name="libs.EasyMock.classpath" value="" />
    <property name="java.runtime.name" value="OpenJDK Runtime Environment" />
    <property name="debug.test.modulepath" value="" />
    <property name="libs.Junit3x.classpath" value="" />
    <property name="ant.project.name" value="VideoClub" />
    <property name="netbeans.hash.code" value="unique=NB0039f7870-cb21-4268-abac-b45f8c1c4a8b_0341cb73-7830-4eb4-94be-1eb155b540b6" />
    <property name="netbeans.default_userdir_root" value="/home/fernando/.netbeans" />
    <property name="libs.jsp-compilation-syscp.maven-pom" value="" />
    <property name="junit.selected.version" value="3" />
    <property name="sun.cpu.isalist" value="" />
    <property name="libs.spring-framework400.javadoc" value="" />
    <property name="libs.CopyLibs.javadoc" value="" />
    <property name="javadoc.html5" value="false" />
    <property name="org.openide.specification.version" value="6.2" />
    <property name="ant.file.type.VideoClub" value="file" />
    <property name="libs.maven-dependencies.maven-pom" value="" />
    <property name="user.home" value="/home/fernando" />
    <property name="annotation.processing.processors.list" value="" />
    <property name="libs.primefaces.maven-pom" value="" />
    <property name="libs.javaee-api-6.0.maven-pom" value="" />
    <property name="libs.JWSAntTasks.src" value="" />
    <property name="jar.index" value="false" />
    <property name="libs.CopyLibs.maven-pom" value="" />
    <property name="libs.spring-framework300.javadoc" value="" />
    <property name="libs.absolutelayout.javadoc" value="" />
    <property name="guice.disable.misplaced.annotation.check" value="true" />
    <property name="java.specification.name" value="Java Platform API Specification" />
    <property name="do.archive+main.class.available" value="true" />
    <property name="libs.MYSQL_JDBC.javadoc" value="" />
    <property name="platforms.JDK_11.compiler" value="modern" />
    <property name="java.specification.vendor" value="Oracle Corporation" />
    <property name="libs.javac-api.classpath" value="" />
    <property name="java.version" value="1.8.0_222" />
    <property name="javadoc.version" value="false" />
    <property name="run.jvmargs.ide" value="" />
    <property name="javac.processormodulepath" value="" />
    <property name="org.openide.version" value="deprecated" />
    <property name="source.encoding" value="UTF-8" />
    <property name="platform.java" value="/usr/lib/jvm/java-8-openjdk-amd64/jre/bin/java" />
    <property name="ap.cmd.line.internal" value="" />
    <property name="libs.eclipselinkmodelgen.maven-pom" value="" />
    <property name="libs.jsp-compilation-syscp.javadoc" value="" />
    <property name="libs.javaee-web-api-8.0.src" value="" />
    <property name="libs.javaee-endorsed-api-7.0.classpath" value="/usr/local/netbeans-11.1/netbeans/enterprise/modules/ext/javaee7-endorsed/javax.annotation-api.jar:/usr/local/netbeans-11.1/netbeans/enterprise/modules/ext/javaee7-endorsed/javax.xml.soap-api.jar:/usr/local/netbeans-11.1/netbeans/enterprise/modules/ext/javaee7-endorsed/jaxb-api-osgi.jar:/usr/local/netbeans-11.1/netbeans/enterprise/modules/ext/javaee7-endorsed/jaxws-api.jar:/usr/local/netbeans-11.1/netbeans/enterprise/modules/ext/javaee7-endorsed/jsr181-api.jar" />
    <property name="libs.eclipselinkmodelgen.javadoc" value="" />
    <property name="libs.metro.javadoc" value="/usr/local/netbeans-11.1/netbeans/enterprise/docs/webservices-api-javadoc.jar:/usr/local/netbeans-11.1/netbeans/enterprise/docs/webservices-extra-javadoc.jar:/usr/local/netbeans-11.1/netbeans/enterprise/docs/webservices-extra-api-javadoc.jar:/usr/local/netbeans-11.1/netbeans/enterprise/docs/webservices-rt-javadoc.jar:/usr/local/netbeans-11.1/netbeans/enterprise/docs/webservices-tools-javadoc.jar" />
    <property name="libs.struts.maven-pom" value="" />
    <property name="netbeans.home+have.tests" value="true" />
    <property name="annotation.processing.processor.options" value="" />
    <property name="libs.testng.maven-pom" value="" />
    <property name="libs.jaxb.src" value="" />
    <property name="libs.dbunit.maven-pom" value="" />
    <property name="work.dir" value="/home/fernando/TPI/Practica2-Unidad2/Practica-2-unidad-2/VideoClub" />
    <property name="libs.jaxb.classpath" value="/usr/local/netbeans-11.1/netbeans/ide/modules/ext/jaxb/jaxb-impl-2.2.5-2.jar:/usr/local/netbeans-11.1/netbeans/ide/modules/ext/jaxb/jaxb-xjc-2.2.5-2.jar:/usr/local/netbeans-11.1/netbeans/ide/modules/ext/jaxb/jaxb1-impl-2.2.5-2.jar:/usr/local/netbeans-11.1/netbeans/ide/modules/ext/jaxb/activation.jar:/usr/local/netbeans-11.1/netbeans/ide/modules/ext/jaxb/api/jaxb-api.jar" />
    <property name="libs.Java-EE-Payara-v4.javadoc" value="/usr/local/netbeans-11.1/netbeans/enterprise/docs/javaee-doc-api.jar" />
    <property name="do.depend" value="false" />
    <property name="dist.javadoc.dir" value="dist/javadoc" />
    <property name="libs.spring-webmvc3.0.classpath" value="/usr/local/netbeans-11.1/netbeans/java/modules/ext/spring-3.0/spring-webmvc-3.2.7.RELEASE.jar" />
    <property name="libs.javaee-web-api-7.0.maven-pom" value="" />
    <property name="libs.restlib.src" value="" />
    <property name="javac.source" value="1.8" />
    <property name="build.generated.dir" value="build/generated" />
    <property name="line.separator" value="&#xa;" />
    <property name="libs.javaee-api-8.0.classpath" value="/usr/local/netbeans-11.1/netbeans/enterprise/modules/ext/javaee-api-8.0.jar" />
    <property name="java.specification.version" value="1.8" />
    <property name="java.vm.info" value="mixed mode" />
    <property name="libs.jaxws21.maven-pom" value="" />
    <property name="nb.junit.batch" value="true" />
    <property name="junit.forkmode" value="perTest" />
    <property name="sun.boot.class.path" value="/usr/lib/jvm/java-8-openjdk-amd64/jre/lib/resources.jar:/usr/lib/jvm/java-8-openjdk-amd64/jre/lib/rt.jar:/usr/lib/jvm/java-8-openjdk-amd64/jre/lib/sunrsasign.jar:/usr/lib/jvm/java-8-openjdk-amd64/jre/lib/jsse.jar:/usr/lib/jvm/java-8-openjdk-amd64/jre/lib/jce.jar:/usr/lib/jvm/java-8-openjdk-amd64/jre/lib/charsets.jar:/usr/lib/jvm/java-8-openjdk-amd64/jre/lib/jfr.jar:/usr/lib/jvm/java-8-openjdk-amd64/jre/classes" />
    <property name="javac.target" value="1.8" />
    <property name="built-jar.properties" value="/home/fernando/TPI/Practica2-Unidad2/Practica-2-unidad-2/VideoClub/build/built-jar.properties" />
    <property name="build.test.classes.dir" value="build/test/classes" />
    <property name="src.dir" value="src" />
    <property name="javac.test.compilerargs" value="" />
    <property name="annotation.processing.enabled" value="true" />
    <property name="libs.jsf20.src" value="" />
    <property name="libs.jpa20-persistence.src" value="" />
    <property name="libs.jsf12.src" value="" />
    <property name="libs.JAVADB_DRIVER_LABEL.maven-pom" value="" />
    <property name="nbplatform.default.netbeans.dest.dir" value="/usr/local/netbeans-11.1/netbeans" />
    <property name="libs.struts.javadoc" value="/usr/local/netbeans-11.1/netbeans/enterprise/docs/struts-1.3.10-javadoc.zip" />
    <property name="ignore.failing.tests" value="true" />
    <property name="libs.Comet-GlassFish-v3.classpath" value="" />
    <property name="libs.maven-dependencies.src" value="" />
    <property name="libs.javaee-web-api-7.0.src" value="" />
    <property name="libs.primefaces.src" value="" />
    <property name="dist.dir" value="dist" />
    <property name="libs.groovy-all.javadoc" value="" />
    <property name="jlink.launcher" value="true" />
    <property name="securerandom.source" value="file:/dev/./urandom" />
    <property name="testng.debug.mode" value="" />
    <property name="libs.groovy-all.classpath" value="/usr/local/netbeans-11.1/netbeans/groovy/modules/ext/groovy.jar:/usr/local/netbeans-11.1/netbeans/groovy/modules/ext/groovy-ant.jar" />
    <property name="javac.fork" value="true" />
    <property name="jlink.additionalparam" value="" />
    <property name="java.awt.printerjob" value="sun.print.PSPrinterJob" />
    <property name="default.javac.source" value="1.8" />
    <property name="debug-transport-by-os" value="dt_socket" />
    <property name="sun.jnu.encoding" value="UTF-8" />
    <property name="libs.Payara Server JAX-RS.maven-pom" value="" />
    <property name="run.test.jvmargs" value="" />
    <property name="build.test.results.dir" value="build/test/results" />
    <property name="java.runtime.version" value="1.8.0_222-8u222-b10-1ubuntu1~18.04.1-b10" />
    <property name="jna.platform.library.path" value="/usr/lib/x86_64-linux-gnu:/lib/x86_64-linux-gnu:/lib64:/usr/lib:/lib:/lib32:/usr/lib32:/usr/lib/x86_64-linux-gnu/libfakeroot" />
    <property name="ant.file.type.VideoClub-impl" value="file" />
    <property name="default.javac.target" value="1.8" />
    <property name="libs.junit_4.classpath" value="/usr/local/netbeans-11.1/netbeans/platform/modules/ext/junit-4.12.jar" />
    <property name="user.timezone" value="" />
    <property name="nb.junit.single" value="false" />
    <property name="libs.JAVADB_DRIVER_LABEL.javadoc" value="" />
    <property name="netbeans.dirs" value="/usr/local/netbeans-11.1/netbeans/nb:/usr/local/netbeans-11.1/netbeans/ergonomics:/usr/local/netbeans-11.1/netbeans/ide:/usr/local/netbeans-11.1/netbeans/extide:/usr/local/netbeans-11.1/netbeans/java:/usr/local/netbeans-11.1/netbeans/apisupport:/usr/local/netbeans-11.1/netbeans/webcommon:/usr/local/netbeans-11.1/netbeans/websvccommon:/usr/local/netbeans-11.1/netbeans/enterprise:/usr/local/netbeans-11.1/netbeans/mobility:/usr/local/netbeans-11.1/netbeans/profiler:/usr/local/netbeans-11.1/netbeans/python:/usr/local/netbeans-11.1/netbeans/php:/usr/local/netbeans-11.1/netbeans/identity:/usr/local/netbeans-11.1/netbeans/harness:/usr/local/netbeans-11.1/netbeans/cnd:/usr/local/netbeans-11.1/netbeans/cndext:/usr/local/netbeans-11.1/netbeans/dlight:/usr/local/netbeans-11.1/netbeans/groovy:/usr/local/netbeans-11.1/netbeans/extra:/usr/local/netbeans-11.1/netbeans/javacard:/usr/local/netbeans-11.1/netbeans/javafx:" />
    <property name="libs.jsf20.javadoc" value="/usr/local/netbeans-11.1/netbeans/enterprise/docs/javaee-doc-api.jar" />
    <property name="libs.jstl.javadoc" value="/usr/local/netbeans-11.1/netbeans/enterprise/docs/javaee-doc-api.jar" />
    <property name="java.ext.dirs" value="/usr/lib/jvm/java-8-openjdk-amd64/jre/lib/ext:/usr/java/packages/lib/ext" />
    <property name="libs.metro.src" value="" />
    <property name="libs.absolutelayout.classpath" value="/usr/local/netbeans-11.1/netbeans/java/modules/ext/AbsoluteLayout.jar" />
    <property name="excludes" value="" />
    <property name="libs.metro.classpath" value="/usr/local/netbeans-11.1/netbeans/ide/modules/ext/jaxb/activation.jar:/usr/local/netbeans-11.1/netbeans/enterprise/modules/ext/metro/webservices-api.jar:/usr/local/netbeans-11.1/netbeans/enterprise/modules/ext/metro/webservices-extra-api.jar:/usr/local/netbeans-11.1/netbeans/enterprise/modules/ext/metro/webservices-extra.jar:/usr/local/netbeans-11.1/netbeans/enterprise/modules/ext/metro/webservices-rt.jar:/usr/local/netbeans-11.1/netbeans/enterprise/modules/ext/metro/webservices-tools.jar" />
    <property name="libs.restlib.maven-pom" value="" />
    <property name="apple.laf.useScreenMenuBar" value="true" />
    <property name="java.class.path" value="/home/fernando/TPI/Practica2-Unidad2/Practica-2-unidad-2/VideoClub/build/classes:/home/fernando/Descargas/easymock-2.4.jar:/usr/local/netbeans-11.1/netbeans/platform/modules/ext/junit-4.12.jar:/usr/local/netbeans-11.1/netbeans/platform/modules/ext/hamcrest-core-1.3.jar:/home/fernando/TPI/Practica2-Unidad2/Practica-2-unidad-2/VideoClub/build/test/classes:/usr/local/netbeans-11.1/netbeans/extide/ant/lib/ant-launcher.jar:/usr/local/netbeans-11.1/netbeans/extide/ant/lib/ant.jar:/usr/local/netbeans-11.1/netbeans/extide/ant/lib/ant-junit.jar:/usr/local/netbeans-11.1/netbeans/extide/ant/lib/ant-junit4.jar" />
    <property name="libs.absolutelayout.src" value="" />
    <property name="libs.jpa20-persistence.classpath" value="/usr/local/netbeans-11.1/netbeans/java/modules/ext/eclipselink/javax.persistence-2.1.0.jar" />
    <property name="libs.junit_5.javadoc" value="/usr/local/netbeans-11.1/netbeans/platform/docs/junit-jupiter-api-5.3.1-javadoc.jar:/usr/local/netbeans-11.1/netbeans/platform/docs/junit-jupiter-params-5.3.1-javadoc.jar:/usr/local/netbeans-11.1/netbeans/platform/docs/junit-jupiter-engine-5.3.1-javadoc.jar" />
    <property name="os.version" value="5.0.0-32-generic" />
    <property name="application.args" value="" />
    <property name="libs.EclipseLink-GlassFish-v3.javadoc" value="/usr/local/netbeans-11.1/netbeans/enterprise/docs/javaee-doc-api.jar" />
    <property name="libs.javaee-api-7.0.maven-pom" value="" />
    <property name="main.class.available" value="true" />
    <property name="sun.awt.enableExtraMouseButtons" value="true" />
    <property name="sun.desktop" value="gnome" />
    <property name="jlink.launcher.name" value="VideoClub" />
    <property name="libs.Comet-GlassFish-v3.src" value="" />
    <property name="libs.restlib.javadoc" value="" />
    <property name="libs.JAXB-ENDORSED.classpath" value="/usr/local/netbeans-11.1/netbeans/ide/modules/ext/jaxb/api/jaxb-api.jar" />
    <property name="nb.internal.action.name" value="test" />
    <property name="run.test.modulepath" value="" />
    <property name="libs.javaee-api-7.0.javadoc" value="/usr/local/netbeans-11.1/netbeans/enterprise/docs/javaee-doc-api.jar" />
    <property name="libs.eclipselink.classpath" value="/usr/local/netbeans-11.1/netbeans/java/modules/ext/eclipselink/org.eclipse.persistence.core-2.5.2.jar:/usr/local/netbeans-11.1/netbeans/java/modules/ext/eclipselink/org.eclipse.persistence.asm-2.5.2.jar:/usr/local/netbeans-11.1/netbeans/java/modules/ext/eclipselink/org.eclipse.persistence.antlr-2.5.2.jar:/usr/local/netbeans-11.1/netbeans/java/modules/ext/eclipselink/org.eclipse.persistence.jpa-2.5.2.jar:/usr/local/netbeans-11.1/netbeans/java/modules/ext/eclipselink/org.eclipse.persistence.jpa.jpql-2.5.2.jar:/usr/local/netbeans-11.1/netbeans/java/modules/ext/eclipselink/javax.persistence-2.1.0.jar" />
    <property name="java.awt.graphicsenv" value="sun.awt.X11GraphicsEnvironment" />
    <property name="java.vm.vendor" value="Private Build" />
    <property name="libs.CopyLibs.classpath" value="/usr/local/netbeans-11.1/netbeans/java/ant/extra/org-netbeans-modules-java-j2seproject-copylibstask.jar" />
    <property name="libs.javaee-api-8.0.src" value="" />
    <property name="libs.maven-dependencies.javadoc" value="/usr/local/netbeans-11.1/netbeans/enterprise/docs/javaee-doc-api.jar" />
    <property name="libs.spring-framework300.classpath" value="/usr/local/netbeans-11.1/netbeans/ide/modules/org-apache-commons-logging.jar:/usr/local/netbeans-11.1/netbeans/java/modules/ext/cglib-2.2.jar:/usr/local/netbeans-11.1/netbeans/java/modules/ext/spring-3.0/spring-aop-3.2.7.RELEASE.jar:/usr/local/netbeans-11.1/netbeans/java/modules/ext/spring-3.0/spring-aspects-3.2.7.RELEASE.jar:/usr/local/netbeans-11.1/netbeans/java/modules/ext/spring-3.0/spring-beans-3.2.7.RELEASE.jar:/usr/local/netbeans-11.1/netbeans/java/modules/ext/spring-3.0/spring-build-src-3.2.7.RELEASE.jar:/usr/local/netbeans-11.1/netbeans/java/modules/ext/spring-3.0/spring-context-3.2.7.RELEASE.jar:/usr/local/netbeans-11.1/netbeans/java/modules/ext/spring-3.0/spring-context-support-3.2.7.RELEASE.jar:/usr/local/netbeans-11.1/netbeans/java/modules/ext/spring-3.0/spring-core-3.2.7.RELEASE.jar:/usr/local/netbeans-11.1/netbeans/java/modules/ext/spring-3.0/spring-expression-3.2.7.RELEASE.jar:/usr/local/netbeans-11.1/netbeans/java/modules/ext/spring-3.0/spring-framework-bom-3.2.7.RELEASE.jar:/usr/local/netbeans-11.1/netbeans/java/modules/ext/spring-3.0/spring-instrument-3.2.7.RELEASE.jar:/usr/local/netbeans-11.1/netbeans/java/modules/ext/spring-3.0/spring-instrument-tomcat-3.2.7.RELEASE.jar:/usr/local/netbeans-11.1/netbeans/java/modules/ext/spring-3.0/spring-jdbc-3.2.7.RELEASE.jar:/usr/local/netbeans-11.1/netbeans/java/modules/ext/spring-3.0/spring-jms-3.2.7.RELEASE.jar:/usr/local/netbeans-11.1/netbeans/java/modules/ext/spring-3.0/spring-orm-3.2.7.RELEASE.jar:/usr/local/netbeans-11.1/netbeans/java/modules/ext/spring-3.0/spring-oxm-3.2.7.RELEASE.jar:/usr/local/netbeans-11.1/netbeans/java/modules/ext/spring-3.0/spring-struts-3.2.7.RELEASE.jar:/usr/local/netbeans-11.1/netbeans/java/modules/ext/spring-3.0/spring-test-3.2.7.RELEASE.jar:/usr/local/netbeans-11.1/netbeans/java/modules/ext/spring-3.0/spring-tx-3.2.7.RELEASE.jar:/usr/local/netbeans-11.1/netbeans/java/modules/ext/spring-3.0/spring-web-3.2.7.RELEASE.jar:/usr/local/netbeans-11.1/netbeans/java/modules/ext/spring-3.0/spring-webmvc-3.2.7.RELEASE.jar:/usr/local/netbeans-11.1/netbeans/java/modules/ext/spring-3.0/spring-webmvc-portlet-3.2.7.RELEASE.jar" />
    <property name="libs.jsp-compiler.maven-pom" value="" />
    <property name="libs.junit_5.maven-pom" value="" />
    <property name="libs.Java-EE-Payara-v4.maven-pom" value="" />
    <property name="libs.hamcrest.src" value="" />
    <property name="run.jvmargs" value="" />
    <property name="platforms.JDK_11.bootclasspath" value="/usr/lib/jvm/java-11-openjdk-amd64/!/modules/java.base/:/usr/lib/jvm/java-11-openjdk-amd64/!/modules/java.compiler/:/usr/lib/jvm/java-11-openjdk-amd64/!/modules/java.datatransfer/:/usr/lib/jvm/java-11-openjdk-amd64/!/modules/java.desktop/:/usr/lib/jvm/java-11-openjdk-amd64/!/modules/java.instrument/:/usr/lib/jvm/java-11-openjdk-amd64/!/modules/java.logging/:/usr/lib/jvm/java-11-openjdk-amd64/!/modules/java.management/:/usr/lib/jvm/java-11-openjdk-amd64/!/modules/java.management.rmi/:/usr/lib/jvm/java-11-openjdk-amd64/!/modules/java.naming/:/usr/lib/jvm/java-11-openjdk-amd64/!/modules/java.net.http/:/usr/lib/jvm/java-11-openjdk-amd64/!/modules/java.prefs/:/usr/lib/jvm/java-11-openjdk-amd64/!/modules/java.rmi/:/usr/lib/jvm/java-11-openjdk-amd64/!/modules/java.scripting/:/usr/lib/jvm/java-11-openjdk-amd64/!/modules/java.se/:/usr/lib/jvm/java-11-openjdk-amd64/!/modules/java.security.jgss/:/usr/lib/jvm/java-11-openjdk-amd64/!/modules/java.security.sasl/:/usr/lib/jvm/java-11-openjdk-amd64/!/modules/java.smartcardio/:/usr/lib/jvm/java-11-openjdk-amd64/!/modules/java.sql/:/usr/lib/jvm/java-11-openjdk-amd64/!/modules/java.sql.rowset/:/usr/lib/jvm/java-11-openjdk-amd64/!/modules/java.transaction.xa/:/usr/lib/jvm/java-11-openjdk-amd64/!/modules/java.xml/:/usr/lib/jvm/java-11-openjdk-amd64/!/modules/java.xml.crypto/:/usr/lib/jvm/java-11-openjdk-amd64/!/modules/jdk.accessibility/:/usr/lib/jvm/java-11-openjdk-amd64/!/modules/jdk.aot/:/usr/lib/jvm/java-11-openjdk-amd64/!/modules/jdk.attach/:/usr/lib/jvm/java-11-openjdk-amd64/!/modules/jdk.charsets/:/usr/lib/jvm/java-11-openjdk-amd64/!/modules/jdk.compiler/:/usr/lib/jvm/java-11-openjdk-amd64/!/modules/jdk.crypto.cryptoki/:/usr/lib/jvm/java-11-openjdk-amd64/!/modules/jdk.crypto.ec/:/usr/lib/jvm/java-11-openjdk-amd64/!/modules/jdk.dynalink/:/usr/lib/jvm/java-11-openjdk-amd64/!/modules/jdk.editpad/:/usr/lib/jvm/java-11-openjdk-amd64/!/modules/jdk.hotspot.agent/:/usr/lib/jvm/java-11-openjdk-amd64/!/modules/jdk.httpserver/:/usr/lib/jvm/java-11-openjdk-amd64/!/modules/jdk.internal.ed/:/usr/lib/jvm/java-11-openjdk-amd64/!/modules/jdk.internal.jvmstat/:/usr/lib/jvm/java-11-openjdk-amd64/!/modules/jdk.internal.le/:/usr/lib/jvm/java-11-openjdk-amd64/!/modules/jdk.internal.opt/:/usr/lib/jvm/java-11-openjdk-amd64/!/modules/jdk.internal.vm.ci/:/usr/lib/jvm/java-11-openjdk-amd64/!/modules/jdk.internal.vm.compiler/:/usr/lib/jvm/java-11-openjdk-amd64/!/modules/jdk.internal.vm.compiler.management/:/usr/lib/jvm/java-11-openjdk-amd64/!/modules/jdk.jartool/:/usr/lib/jvm/java-11-openjdk-amd64/!/modules/jdk.javadoc/:/usr/lib/jvm/java-11-openjdk-amd64/!/modules/jdk.jcmd/:/usr/lib/jvm/java-11-openjdk-amd64/!/modules/jdk.jconsole/:/usr/lib/jvm/java-11-openjdk-amd64/!/modules/jdk.jdeps/:/usr/lib/jvm/java-11-openjdk-amd64/!/modules/jdk.jdi/:/usr/lib/jvm/java-11-openjdk-amd64/!/modules/jdk.jdwp.agent/:/usr/lib/jvm/java-11-openjdk-amd64/!/modules/jdk.jfr/:/usr/lib/jvm/java-11-openjdk-amd64/!/modules/jdk.jlink/:/usr/lib/jvm/java-11-openjdk-amd64/!/modules/jdk.jshell/:/usr/lib/jvm/java-11-openjdk-amd64/!/modules/jdk.jsobject/:/usr/lib/jvm/java-11-openjdk-amd64/!/modules/jdk.jstatd/:/usr/lib/jvm/java-11-openjdk-amd64/!/modules/jdk.localedata/:/usr/lib/jvm/java-11-openjdk-amd64/!/modules/jdk.management/:/usr/lib/jvm/java-11-openjdk-amd64/!/modules/jdk.management.agent/:/usr/lib/jvm/java-11-openjdk-amd64/!/modules/jdk.management.jfr/:/usr/lib/jvm/java-11-openjdk-amd64/!/modules/jdk.naming.dns/:/usr/lib/jvm/java-11-openjdk-amd64/!/modules/jdk.naming.rmi/:/usr/lib/jvm/java-11-openjdk-amd64/!/modules/jdk.net/:/usr/lib/jvm/java-11-openjdk-amd64/!/modules/jdk.pack/:/usr/lib/jvm/java-11-openjdk-amd64/!/modules/jdk.rmic/:/usr/lib/jvm/java-11-openjdk-amd64/!/modules/jdk.scripting.nashorn/:/usr/lib/jvm/java-11-openjdk-amd64/!/modules/jdk.scripting.nashorn.shell/:/usr/lib/jvm/java-11-openjdk-amd64/!/modules/jdk.sctp/:/usr/lib/jvm/java-11-openjdk-amd64/!/modules/jdk.security.auth/:/usr/lib/jvm/java-11-openjdk-amd64/!/modules/jdk.security.jgss/:/usr/lib/jvm/java-11-openjdk-amd64/!/modules/jdk.unsupported/:/usr/lib/jvm/java-11-openjdk-amd64/!/modules/jdk.unsupported.desktop/:/usr/lib/jvm/java-11-openjdk-amd64/!/modules/jdk.xml.dom/:/usr/lib/jvm/java-11-openjdk-amd64/!/modules/jdk.zipfs/" />
    <property name="libs.JAXB-ENDORSED.src" value="" />
    <property name="dist.archive.excludes" value="" />
    <property name="libs.testng.javadoc" value="/usr/local/netbeans-11.1/netbeans/platform/docs/testng-6.8.1-javadoc.zip" />
    <property name="platforms.JDK_1.8.home" value="/usr/lib/jvm/java-8-openjdk-amd64" />
    <property name="libs.PostgreSQLDriver.classpath" value="/usr/local/netbeans-11.1/netbeans/ide/modules/ext/postgresql-42.2.5.jar" />
    <property name="libs.jsf12.maven-pom" value="" />
    <property name="annotation.processing.source.output" value="build/generated-sources/ap-source-output" />
    <property name="main.class" value="videoclub.VideoClub" />
    <property name="libs.CopyLibs.src" value="" />
    <property name="build.dir" value="build" />
    <property name="libs.jsp-compilation.classpath" value="/usr/local/netbeans-11.1/netbeans/extide/ant/lib/ant.jar:/usr/local/netbeans-11.1/netbeans/enterprise/modules/ext/servlet3.1-jsp2.3-api.jar:/usr/local/netbeans-11.1/netbeans/enterprise/modules/ext/glassfish-jspparser-4.0.jar:/usr/local/netbeans-11.1/netbeans/enterprise/modules/ext/jsf-2_2/javax.faces.jar:/usr/local/netbeans-11.1/netbeans/enterprise/modules/ext/jstl-api.jar:/usr/local/netbeans-11.1/netbeans/extide/ant/lib/ant-launcher.jar" />
    <property name="libs.javaee-web-api-8.0.javadoc" value="/usr/local/netbeans-11.1/netbeans/enterprise/docs/javaee-doc-api.jar" />
    <property name="debug.modulepath" value="" />
    <property name="ant.version" value="Apache Ant(TM) version 1.10.4 compiled on June 19 2018" />
    <property name="file.encoding" value="UTF-8" />
    <property name="build.classes.excludes" value="**/*.java,**/*.form" />
    <property name="jdkBug6558476" value="false" />
    <property name="javadoc.nonavbar" value="false" />
    <property name="libs.spring-webmvc4.0.classpath" value="/usr/local/netbeans-11.1/netbeans/java/modules/ext/spring-4/spring-webmvc-4.0.1.RELEASE.jar" />
    <property name="platform.active" value="default_platform" />
    <property name="libs.javaee-web-api-8.0.maven-pom" value="" />
    <property name="awt.toolkit" value="sun.awt.X11.XToolkit" />
    <property name="libs.javaee-web-api-7.0.javadoc" value="/usr/local/netbeans-11.1/netbeans/enterprise/docs/javaee-doc-api.jar" />
  </properties>
  <testcase classname="videoclub.ClientVideoClubServiceTest" name="testGetVideo" time="0.068" />
  <testcase classname="videoclub.ClientVideoClubServiceTest" name="testClientVideoClubService" time="0.006" />
  <system-out><![CDATA[]]></system-out>
  <system-err><![CDATA[]]></system-err>
</testsuite>
